<?xml version="1.0" encoding="utf-8"?><testsuites name="pytest tests"><testsuite name="pytest" errors="0" failures="0" skipped="0" tests="11" time="5.102" timestamp="2026-04-21T05:36:20.241500+00:00" hostname="agent-env-4127fa93-1781-4c93-8ef2-62731309f589"><testcase classname="backend.tests.test_admin_api.TestAdminAuth" name="test_auth_correct_password" time="0.273" /><testcase classname="backend.tests.test_admin_api.TestAdminAuth" name="test_auth_wrong_password" time="0.047" /><testcase classname="backend.tests.test_admin_api.TestAdminAuth" name="test_protected_endpoint_without_header" time="0.138" /><testcase classname="backend.tests.test_admin_api.TestAdminParseText" name="test_parse_text_returns_bilingual_mcq" time="1.769" /><testcase classname="backend.tests.test_admin_api.TestAdminParseImage" name="test_parse_image_returns_mcq" time="1.856" /><testcase classname="backend.tests.test_admin_api.TestAdminCrud" name="test_save_rejects_invalid_subject" time="0.047" /><testcase classname="backend.tests.test_admin_api.TestAdminCrud" name="test_list_contains_saved" time="0.137" /><testcase classname="backend.tests.test_admin_api.TestAdminCrud" name="test_list_filter_by_subject" time="0.056" /><testcase classname="backend.tests.test_admin_api.TestAdminCrud" name="test_stats_counts_positive" time="0.079" /><testcase classname="backend.tests.test_admin_api.TestAdminCrud" name="test_quiz_start_still_returns_20_after_admin_insert" time="0.053" /><testcase classname="backend.tests.test_admin_api.TestAdminCrud" name="test_delete_admin_question" time="0.433" /></testsuite></testsuites>