<?xml version="1.0" encoding="utf-8"?><testsuites name="pytest tests"><testsuite name="pytest" errors="0" failures="0" skipped="0" tests="12" time="0.871" timestamp="2026-04-21T05:12:52.567713+00:00" hostname="agent-env-4127fa93-1781-4c93-8ef2-62731309f589"><testcase classname="backend.tests.test_quiz_api.TestSubjects" name="test_list_subjects" time="0.202" /><testcase classname="backend.tests.test_quiz_api.TestMockInfo" name="test_mock_info" time="0.046" /><testcase classname="backend.tests.test_quiz_api.TestStartQuiz" name="test_start_subject_quiz[M1]" time="0.049" /><testcase classname="backend.tests.test_quiz_api.TestStartQuiz" name="test_start_subject_quiz[M2]" time="0.045" /><testcase classname="backend.tests.test_quiz_api.TestStartQuiz" name="test_start_subject_quiz[M3]" time="0.046" /><testcase classname="backend.tests.test_quiz_api.TestStartQuiz" name="test_start_subject_quiz[M4]" time="0.045" /><testcase classname="backend.tests.test_quiz_api.TestStartQuiz" name="test_start_mock_quiz" time="0.048" /><testcase classname="backend.tests.test_quiz_api.TestStartQuiz" name="test_start_lowercase_code" time="0.044" /><testcase classname="backend.tests.test_quiz_api.TestStartQuiz" name="test_start_invalid_code" time="0.043" /><testcase classname="backend.tests.test_quiz_api.TestSubmitQuiz" name="test_submit_valid_session" time="0.089" /><testcase classname="backend.tests.test_quiz_api.TestSubmitQuiz" name="test_submit_mock_session_returns_50" time="0.095" /><testcase classname="backend.tests.test_quiz_api.TestSubmitQuiz" name="test_submit_invalid_session" time="0.042" /></testsuite></testsuites>