<?xml version="1.0" encoding="utf-8"?><testsuites name="pytest tests"><testsuite name="pytest" errors="0" failures="0" skipped="0" tests="5" time="0.643" timestamp="2026-04-21T05:55:12.034168+00:00" hostname="agent-env-4127fa93-1781-4c93-8ef2-62731309f589"><testcase classname="backend.tests.test_qotd_api.TestQotd" name="test_qotd_shape_and_fields" time="0.328" /><testcase classname="backend.tests.test_qotd_api.TestQotd" name="test_qotd_hindi_is_devanagari" time="0.047" /><testcase classname="backend.tests.test_qotd_api.TestQotd" name="test_qotd_deterministic_same_day" time="0.093" /><testcase classname="backend.tests.test_qotd_api.TestQuizStartRegression" name="test_start_m1_quiz" time="0.047" /><testcase classname="backend.tests.test_qotd_api.TestQuizStartRegression" name="test_start_mock_quiz" time="0.049" /></testsuite></testsuites>