<?xml version="1.0" encoding="utf-8"?><testsuites name="pytest tests"><testsuite name="pytest" errors="0" failures="0" skipped="0" tests="34" time="6.691" timestamp="2026-04-21T06:05:06.176609+00:00" hostname="agent-env-4127fa93-1781-4c93-8ef2-62731309f589"><testcase classname="backend.tests.test_admin_api.TestAdminAuth" name="test_auth_correct_password" time="0.198" /><testcase classname="backend.tests.test_admin_api.TestAdminAuth" name="test_auth_wrong_password" time="0.046" /><testcase classname="backend.tests.test_admin_api.TestAdminAuth" name="test_protected_endpoint_without_header" time="0.138" /><testcase classname="backend.tests.test_admin_api.TestAdminParseText" name="test_parse_text_returns_bilingual_mcq" time="1.487" /><testcase classname="backend.tests.test_admin_api.TestAdminParseImage" name="test_parse_image_returns_mcq" time="2.040" /><testcase classname="backend.tests.test_admin_api.TestAdminCrud" name="test_save_rejects_invalid_subject" time="0.051" /><testcase classname="backend.tests.test_admin_api.TestAdminCrud" name="test_list_contains_saved" time="0.093" /><testcase classname="backend.tests.test_admin_api.TestAdminCrud" name="test_list_filter_by_subject" time="0.047" /><testcase classname="backend.tests.test_admin_api.TestAdminCrud" name="test_stats_counts_positive" time="0.047" /><testcase classname="backend.tests.test_admin_api.TestAdminCrud" name="test_quiz_start_still_returns_20_after_admin_insert" time="0.053" /><testcase classname="backend.tests.test_admin_api.TestAdminCrud" name="test_delete_admin_question" time="0.438" /><testcase classname="backend.tests.test_qotd_api.TestQotdPublicShape" name="test_qotd_returns_public_fields_only" time="0.102" /><testcase classname="backend.tests.test_qotd_api.TestQotdPublicShape" name="test_qotd_hindi_is_devanagari" time="0.046" /><testcase classname="backend.tests.test_qotd_api.TestQotdPublicShape" name="test_qotd_idempotent_same_day" time="0.138" /><testcase classname="backend.tests.test_qotd_api.TestQotdCache" name="test_qotd_daily_unique_index_exists" time="0.140" /><testcase classname="backend.tests.test_qotd_api.TestQotdCache" name="test_qotd_cached_document_present_for_today" time="0.132" /><testcase classname="backend.tests.test_qotd_api.TestQotdSubmit" name="test_submit_correct_answer" time="0.243" /><testcase classname="backend.tests.test_qotd_api.TestQotdSubmit" name="test_submit_wrong_qid_returns_400" time="0.085" /><testcase classname="backend.tests.test_qotd_api.TestQotdSubmit" name="test_submit_unknown_date_returns_404" time="0.045" /><testcase classname="backend.tests.test_qotd_api.TestQuizStartRegression" name="test_start_m1_quiz" time="0.046" /><testcase classname="backend.tests.test_qotd_api.TestQuizStartRegression" name="test_start_mock_quiz" time="0.047" /><testcase classname="backend.tests.test_qotd_api.TestQuizStartRegression" name="test_admin_auth_rejects_bad_password" time="0.046" /><testcase classname="backend.tests.test_quiz_api.TestSubjects" name="test_list_subjects" time="0.122" /><testcase classname="backend.tests.test_quiz_api.TestMockInfo" name="test_mock_info" time="0.052" /><testcase classname="backend.tests.test_quiz_api.TestStartQuiz" name="test_start_subject_quiz[M1]" time="0.055" /><testcase classname="backend.tests.test_quiz_api.TestStartQuiz" name="test_start_subject_quiz[M2]" time="0.056" /><testcase classname="backend.tests.test_quiz_api.TestStartQuiz" name="test_start_subject_quiz[M3]" time="0.060" /><testcase classname="backend.tests.test_quiz_api.TestStartQuiz" name="test_start_subject_quiz[M4]" time="0.052" /><testcase classname="backend.tests.test_quiz_api.TestStartQuiz" name="test_start_mock_quiz" time="0.052" /><testcase classname="backend.tests.test_quiz_api.TestStartQuiz" name="test_start_lowercase_code" time="0.051" /><testcase classname="backend.tests.test_quiz_api.TestStartQuiz" name="test_start_invalid_code" time="0.049" /><testcase classname="backend.tests.test_quiz_api.TestSubmitQuiz" name="test_submit_valid_session" time="0.104" /><testcase classname="backend.tests.test_quiz_api.TestSubmitQuiz" name="test_submit_mock_session_returns_50" time="0.105" /><testcase classname="backend.tests.test_quiz_api.TestSubmitQuiz" name="test_submit_invalid_session" time="0.057" /></testsuite></testsuites>